<?xml version="1.0" encoding="UTF-8"?>
<!-- Generated by org.testng.reporters.JUnitReportReporter -->
<testsuite hostname="Mohitha" failures="0" tests="1" name="tests.Myinfo" time="243.274" errors="0" timestamp="2023-12-01T10:42:28 IST" skipped="0">
  <testcase classname="tests.Myinfo" name="Myinfoflow" time="243.274"/>
</testsuite> <!-- tests.Myinfo -->
